Below is a list of files we were unable to include in this backup. These files
are not missing, but were not available in our file-store cloud at the time the
tarball was made or are not backed up because they can be generated. In almost
all cases these will be resolved the next time you generate a backup or export.

/styles/thumbnail/public/2018-04/risk-taking-title.jpg: Generated files are not backed up
/styles/thumbnail/public/2018-04/9_Stack of Molded Polyurethane_0.jpg: Generated files are not backed up
/styles/thumbnail/public/2018-01/8_minuet_commedia.png: Generated files are not backed up
/styles/thumbnail/public/2018-05/7_Art-and-Poetry_1.jpg: Generated files are not backed up
/css/css_d4qbxsCTNpa86gC2PL4LAk2P-w86x3rJ_dyS4x5FAJ8.css.gz: Generated files are not backed up
/js/js_U5lJPghjH6OG-2H-jLxduoxqbJAh9EVs1zJecDq55C8.js: Generated files are not backed up
/styles/thumbnail/public/2018-05/5_The-Germ_2.jpg: Generated files are not backed up
/styles/thumbnail/public/2018-01/15_bouche_graphic_1.jpg: Generated files are not backed up
/css/css_XWRElWbh1jNbWi8RenDeLTGJnD7zFPBZq_wt0OTD7Xw.css.gz: Generated files are not backed up
/styles/thumbnail/public/2018-05/20_Copy-after-the-Birth-of-Venus_3.jpg: Generated files are not backed up
/styles/thumbnail/public/2018-05/12_Mariana_det1.jpg: Generated files are not backed up
/styles/thumbnail/public/2018-04/30_Celmins_December_2.jpg: Generated files are not backed up
/styles/thumbnail/public/2018-04/26_Thiebaud_Lemon-Meringue_1.jpg: Generated files are not backed up
/styles/thumbnail/public/2018-04/38_Diebenkorn_#5_0.jpg: Generated files are not backed up
/styles/thumbnail/public/2018-05/7_Oldenburg_Profile-Airflow_HEADER.jpg: Generated files are not backed up
/styles/thumbnail/public/2018-02/FAMSF-Casa-Dress-16-Man-Desktop-V2.jpg: Generated files are not backed up
/styles/thumbnail/public/2017-08/Menu_IMG_2390-(2)-(2).jpg: Generated files are not backed up
/css/css_Ebu15LcfQEDKdMgmGRv_oL1ODOiYRgPsK7b9YcXSyr4.css.gz: Generated files are not backed up
/styles/thumbnail/public/2018-05/33_Proserpine.jpg: Generated files are not backed up
/js/js_nAsaRToayew12TCwmd_Gykrp51M0zBp2KN0pIeJn2kk.js: Generated files are not backed up
/js/js_EfeSqoNQgu4owENzGZkQgqL8QGOp-tFLtOJKltUmuZM.js: Generated files are not backed up
/styles/thumbnail/public/2018-04/50_Diebenkorn_#1_0.jpg: Generated files are not backed up
/styles/thumbnail/public/2018-04/41_Lichtenstein_Cathedral #3.jpg: Generated files are not backed up
/styles/thumbnail/public/2018-02/44_Sheeler_American-Landscape.jpg: Generated files are not backed up
/styles/thumbnail/public/2017-12/8_minuet_commedia_0.png: Generated files are not backed up
/styles/thumbnail/public/2018-04/32_PLACEHOLDER_Motherwell_The-Aberdeen-Stone.png: Generated files are not backed up
/styles/thumbnail/public/2018-05/first-encounters-hero-edited_CROP.jpg: Generated files are not backed up
/styles/thumbnail/public/2018-05/FOOTER_DS.jpg: Generated files are not backed up
/styles/thumbnail/public/2018-01/1_Lagrenee_Mars-and-Venus_crop.jpg: Generated files are not backed up
/styles/thumbnail/public/2018-04/34_Diebenkorn_#1.png: Generated files are not backed up
/styles/thumbnail/public/2018-05/44_Lichtenstein_Cathedral-#6.jpg: Generated files are not backed up
/styles/thumbnail/public/2018-02/8_Schamberg_Painting_3.jpg: Generated files are not backed up
/js/js_6PpWdgtgAGkef40iZzbyzEJJPtTkgp7eWgacMu2Y89w.js.gz: Generated files are not backed up
/styles/thumbnail/public/2018-02/15_Wire-Stitching-Full_0.jpg: Generated files are not backed up
/styles/thumbnail/public/2018-02/11_Duchamp_Nine-Malic-Moulds.jpg: Generated files are not backed up
/styles/thumbnail/public/2018-04/9b_Oldenburg_Icebag_1.jpg: Generated files are not backed up
/styles/timeline_600_/public/2018-02/7_Henri_Ice-Floe_0.jpg: Generated files are not backed up
/styles/thumbnail/public/2018-01/16b_symbol-cutout_0.png: Generated files are not backed up
/styles/thumbnail/public/2018-05/FOOTER_LH_Visit.jpg: Generated files are not backed up
/styles/thumbnail/public/2018-04/21_Thiebaud_Fish_1.jpg: Generated files are not backed up
/css/css_rmGn-SKL4IFu4Zr1OcRqh7SI7AiLxtFH_x5mWEVobOI.css.gz: Generated files are not backed up
/css/css_AqANyAfJTqq9fK0_K6rsi63-fR6chTi9_J5SLcKCHkg.css: Generated files are not backed up
/js/js_zc30sbW50j8M7CgvmEyu40zX62ACh1ejW0D9-g0evZE.js.gz: Generated files are not backed up
/css/css_wC6OdDUTs8s9CiumX5IFC2g8mdpoMLJLK8iZUe_v7aM.css: Generated files are not backed up
/js/js_EfeSqoNQgu4owENzGZkQgqL8QGOp-tFLtOJKltUmuZM.js.gz: Generated files are not backed up
/styles/thumbnail_600/public/2018-04/0_First-Impressions-Title.jpg: Generated files are not backed up
/styles/thumbnail/public/2018-02/20_Sheeler_Ford-News.jpg: Generated files are not backed up
/styles/thumbnail/public/2018-04/31_Motherwell_The-Celtic-Stone.png: Generated files are not backed up
/styles/thumbnail/public/2017-09/FOOTER_ENEWS_LH.jpg: Generated files are not backed up
/styles/thumbnail/public/2018-04/FOOOTER_Member.jpg: Generated files are not backed up
/styles/thumbnail/public/2018-02/40_Portlandia_0.jpg: Generated files are not backed up
/styles/thumbnail/public/2018-05/Video_3_Master-of-Saint-Lucy-[placeholder].jpg: Generated files are not backed up
/styles/thumbnail/public/2018-05/44_-Adder’s-Tongue.jpg: Generated files are not backed up
/css/css_OIQB99anu3z8rAy6NOSY2J7UpsIByLtUpcRY3T98i30.css: Generated files are not backed up
/js/js_sxbt3sUAbnwAvaSoh-snYUObPl5ODwQHYV8WVhJq4dQ.js.gz: Generated files are not backed up
/styles/thumbnail/public/2018-04/35_Diebenkorn_#2_0.jpg: Generated files are not backed up
/styles/thumbnail/public/2018-04/4_Sheeler_Yankee-Clipper.jpg: Generated files are not backed up
/styles/thumbnail/public/2018-02/28_Driggs_Aeroplane.jpg: Generated files are not backed up
/styles/thumbnail/public/2017-11/teotihuacan-social-media.jpg: Generated files are not backed up
/styles/thumbnail/public/2018-02/23_Amazon_0.jpg: Generated files are not backed up
/css/css_bWy8geylCMpab9dzUGfeOOWX2ckjUxsPcBiWunCGbSg.css: Generated files are not backed up
/styles/thumbnail/public/2018-05/37_Love-and-the-Maiden_det3.jpg: Generated files are not backed up
/styles/thumbnail/public/2018-05/1_Lady-Lilith_0.jpg: Generated files are not backed up
/styles/thumbnail/public/2017-08/MENU_Store-image-Degas.jpg_STORE.jpg: Generated files are not backed up
/styles/thumbnail/public/2018-04/23_Thiebaud_Cherry-Stand_0.jpg: Generated files are not backed up
/styles/thumbnail/public/2018-02/8_Schamberg_Painting.jpg: Generated files are not backed up
/js/js_VZraF4pcKoby-WaHXpdb8EI8G-DBo2GNvVlpFYQj02U.js.gz: Generated files are not backed up
/styles/thumbnail/public/2018-01/FOOTER_LH_Visit_Cafe.jpg: Generated files are not backed up
/styles/thumbnail/public/2018-05/9_John-Everett-Millais.jpg: Generated files are not backed up
/styles/thumbnail/public/2018-01/15b_c_dress_all-4-clothing-graphics-3_0.jpg: Generated files are not backed up
/js/js_jrMUCnFdHKIzDKDfd3kVVU2WTi0PKUxpZYeHxKmchnw.js: Generated files are not backed up
/css/css_ntDyR9O_XkNVvFYGXi2obcre9Gd8Bd3DBRnaCscRAgc.css: Generated files are not backed up
/styles/thumbnail/public/2018-02/31_Dodge_cocktail-Cutout.png: Generated files are not backed up
/styles/thumbnail/public/2017-12/15_bouche_graphic.jpg: Generated files are not backed up
/js/js__YFMu_qMlz-2qkgp0eHDnZMtAXsZP2t-tJFHEUKMIdo.js: Generated files are not backed up
/js/js_7I1y8o8yKHTxz18LWMTUdrhbQS4fQLQF0yR_ttzgSv4.js: Generated files are not backed up
/css/css_q3oZz0-JqA9xdbOTqiPeFAohTR6Z0yaEGf-Qkw1cthA.css: Generated files are not backed up
/js/js_tsv5nmZ-ibfYOsazXdW39ObP_8rKQlZOW4mUibGoEWQ.js: Generated files are not backed up
/styles/thumbnail/public/2018-04/4_Nevelson_Untitled_0.jpg: Generated files are not backed up
/styles/thumbnail/public/2018-05/12_Mariana_det4.jpg: Generated files are not backed up
/styles/thumbnail/public/2018-04/20_Thiebaud_Lunch.jpg: Generated files are not backed up
/styles/thumbnail/public/2018-05/26_Mariana_0.jpg: Generated files are not backed up
/styles/thumbnail/public/2018-04/14_Kathan-Brown.jpg: Generated files are not backed up
/styles/thumbnail/public/2018-04/3_collaboration.jpg: Generated files are not backed up
/styles/thumbnail/public/2017-09/FOOTER_Teo.jpg: Generated files are not backed up
/styles/thumbnail/public/2018-04/FOOTER_DY_Member.jpg: Generated files are not backed up
/styles/thumbnail/public/2018-01/17_Nattier_Manon-Balletti_0.jpg: Generated files are not backed up
/styles/thumbnail/public/2018-04/4_Nevelson_Untitled.jpg: Generated files are not backed up
/styles/thumbnail/public/2018-04/30_Celmins_December_1.jpg: Generated files are not backed up
/styles/thumbnail/public/2017-12/9_doctor_commedia_0.png: Generated files are not backed up
/styles/thumbnail/public/2018-04/6_Nevelson_Sky-Cathedral’s-Presence_0.jpg: Generated files are not backed up
/styles/thumbnail/public/2018-01/FOOTER_LH_Member.jpg: Generated files are not backed up
/styles/thumbnail/public/2018-05/26_Mariana.jpg: Generated files are not backed up
/styles/thumbnail/public/2018-04/15_Estes_Ten-Doors_0.jpg: Generated files are not backed up
/styles/thumbnail/public/2018-05/8_Oldenburg-with-car_1.jpg: Generated files are not backed up
/styles/thumbnail/public/2018-04/21_Sheeler_Classic-Landscape---repeat.jpg: Generated files are not backed up
/css/css_wC6OdDUTs8s9CiumX5IFC2g8mdpoMLJLK8iZUe_v7aM.css.gz: Generated files are not backed up
/js/js_g1m9wZPeKiGmZUBXNnS9VMYVYUWFfnKrcumLB6mXD3c.js.gz: Generated files are not backed up
/styles/thumbnail/public/2017-09/Header-2-detail.jpg: Generated files are not backed up
/styles/thumbnail/public/2018-05/14_Henry-Wentworth-Monk.jpg: Generated files are not backed up
/css/css_olk-1WBig8cQRcY5nn1oT1NTeaiE4b-dFD5C0Bperuc.css.gz: Generated files are not backed up
/styles/thumbnail/public/2018-02/3_Sheeler_Suspended-Power_3.jpg: Generated files are not backed up
/styles/thumbnail/public/2018-04/25_Thiebaud_Double-Deckers_1.jpg: Generated files are not backed up
/styles/thumbnail/public/2018-04/21_Thiebaud_Fish_0.jpg: Generated files are not backed up
/styles/thumbnail/public/2018-04/48_Robert-Rauschenberg_1.jpg: Generated files are not backed up
/styles/thumbnail_600/public/2018-02/1_Sheeler_Golden-Gate.jpg: Generated files are not backed up
/styles/thumbnail/public/2018-04/16_Estes and Domberger_0.jpg: Generated files are not backed up
/styles/thumbnail/public/2018-05/27_Idealized-Portrait-of-a-Lady_1.jpg: Generated files are not backed up
/styles/thumbnail/public/2017-09/FOOTER_DY_Cafe.jpg: Generated files are not backed up
/styles/thumbnail/public/2018-04/7_Oldenburg_Profile-Airflow.jpg: Generated files are not backed up
/styles/thumbnail/public/2017-03/Screen-Shot-2017-03-06-at-1.jpg_WEB.jpg: Generated files are not backed up
/styles/thumbnail/public/2018-04/13_June-Wayne_0.jpg: Generated files are not backed up
/styles/thumbnail/public/2018-02/32_Graubner_Bourke-White-Atop-Photo_0.jpg: Generated files are not backed up
/styles/thumbnail/public/2018-04/12_Tatyana-Grosman-at-ULAE_1.jpg: Generated files are not backed up
/styles/thumbnail/public/2018-05/31_Lucrezia.jpg: Generated files are not backed up
/js/js_zc30sbW50j8M7CgvmEyu40zX62ACh1ejW0D9-g0evZE.js: Generated files are not backed up
/styles/thumbnail/public/2018-02/24_Sheeler_Suspended-Power---repeat.jpg: Generated files are not backed up
/styles/thumbnail/public/2018-01/13_Berka_Flight-from-Prison.jpg: Generated files are not backed up
/styles/thumbnail/public/2018-05/16_The-Annunciation.jpg: Generated files are not backed up
/styles/thumbnail/public/2018-02/12_Shafer_Sea-Lanes.jpg: Generated files are not backed up
/styles/thumbnail/public/2018-04/43_Lichtenstein_Cathedral #5.jpg: Generated files are not backed up
/styles/thumbnail/public/2018-04/49_Wool_Untitled_0.jpg: Generated files are not backed up
/styles/thumbnail/public/2018-04/FOOTER_DY_General.jpg: Generated files are not backed up
/styles/thumbnail/public/2018-05/06_06_0.jpg: Generated files are not backed up
/styles/thumbnail/public/2018-04/27_Thiebaud-in-Basement_3.jpg: Generated files are not backed up
/styles/thumbnail/public/2018-04/29_Celmins_Ocean-Surfaces_3.jpg: Generated files are not backed up
/styles/thumbnail/public/2018-05/22_Timeline_0.png: Generated files are not backed up
/styles/thumbnail/public/2018-02/FOOTER_Digital.jpg: Generated files are not backed up
/js/js_sxbt3sUAbnwAvaSoh-snYUObPl5ODwQHYV8WVhJq4dQ.js: Generated files are not backed up
/styles/thumbnail/public/2018-05/17_Arnolfini-Portrait.jpg: Generated files are not backed up
/styles/thumbnail/public/2018-05/2_Queen-Victoria_0.jpg: Generated files are not backed up
/styles/thumbnail/public/2018-05/36_Evelyn-De-Morgan_1.jpg: Generated files are not backed up
/js/js_cKBLmPfOfX6IdDnf2nlt-OeqYhlUApOYatq9K94l5FE.js.gz: Generated files are not backed up
/styles/thumbnail/public/2017-08/FOOOTER_Member.jpg: Generated files are not backed up
/styles/thumbnail/public/2018-05/19_Copy-after-La-Primavera_0.jpg: Generated files are not backed up
/styles/thumbnail/public/2018-05/8_Art-and-Poetry-Illustration.jpg: Generated files are not backed up
/styles/thumbnail/public/2017-05/2_Sea-of-hats_Getty.jpg_FULL.jpg: Generated files are not backed up
/styles/thumbnail/public/2017-11/teotihuacan-social-media_0.jpg: Generated files are not backed up
/styles/thumbnail/public/2018-04/3_Marisol_Five-Hands-and-One-Finger_1.jpg: Generated files are not backed up
/styles/thumbnail/public/2018-05/03_04_NEW_framed_0.jpg: Generated files are not backed up
/styles/thumbnail/public/2018-06/48_temporary.jpg: Generated files are not backed up
/css/css_OIQB99anu3z8rAy6NOSY2J7UpsIByLtUpcRY3T98i30.css.gz: Generated files are not backed up
/styles/thumbnail/public/2018-04/33_Motherwell_The-Black-Douglas-Stone.png: Generated files are not backed up
/css/css_mXyk_ET1j0oQS97qAccqHtOxn-21f8f9PeabB5s5OTE.css.gz: Generated files are not backed up
/styles/thumbnail/public/2018-04/18_Kathan-Brown-Reviewing-Delights.jpg: Generated files are not backed up
/styles/thumbnail/public/2018-02/8_Schamberg_Painting_0.jpg: Generated files are not backed up
/styles/thumbnail/public/2017-12/15b_c_dress_all-4-clothing-graphics-2_mens.jpg: Generated files are not backed up
/styles/thumbnail/public/2018-04/first-encounters-hero-edited_0.jpg: Generated files are not backed up
/styles/thumbnail/public/2018-05/7_Art-and-Poetry_0.jpg: Generated files are not backed up
/styles/thumbnail/public/2018-04/9b_Oldenburg_Icebag.jpg: Generated files are not backed up
/styles/thumbnail/public/2018-05/12_Mariana_det5.jpg: Generated files are not backed up
/styles/thumbnail/public/2018-01/4_Nattier_Thalia_detail.jpg: Generated files are not backed up
/styles/thumbnail/public/2018-04/25_Thiebaud_Double-Deckers.jpg: Generated files are not backed up
/styles/thumbnail/public/2018-04/9_Stack of Molded Polyurethane_1.jpg: Generated files are not backed up
/css/css_609Jy4jUwiq1kLZ-g_0dmNJ9jatp6bR9Ezltg3Q58g0.css: Generated files are not backed up
/styles/thumbnail/public/2017-12/11_Longhi_Music-lesson_detail.jpg: Generated files are not backed up
/styles/thumbnail/public/2018-02/44_Sheeler_American-Landscape_0.jpg: Generated files are not backed up
/js/js_7I1y8o8yKHTxz18LWMTUdrhbQS4fQLQF0yR_ttzgSv4.js.gz: Generated files are not backed up
/styles/thumbnail/public/2018-02/15_Wire-Stitching-Full_1.jpg: Generated files are not backed up
/styles/thumbnail_600/public/2017-03/Screen-Shot-2017-03-06-at-1.jpg_WEB.jpg: Generated files are not backed up
/styles/thumbnail/public/2018-04/15_Estes_Ten Doors.jpg: Generated files are not backed up
/styles/thumbnail/public/2018-02/40_Portlandia_1.jpg: Generated files are not backed up
/css/css_bWy8geylCMpab9dzUGfeOOWX2ckjUxsPcBiWunCGbSg.css.gz: Generated files are not backed up
/styles/thumbnail/public/2018-05/29_Raphael-Self-Portrait_0.jpg: Generated files are not backed up
/styles/thumbnail/public/2018-05/4_The-Hireling-Shepherd_0.jpg: Generated files are not backed up
/styles/thumbnail/public/2018-04/FOOTER_COTM-DS.jpg: Generated files are not backed up
/js/js_XGMcexssu42V1UFUG1vB-CoRzV-Yq4EfpR4mG_drjfA.js: Generated files are not backed up
/styles/thumbnail/public/2018-05/12_Mariana_0.jpg: Generated files are not backed up
/styles/thumbnail/public/2017-08/FOOTER_DS.jpg: Generated files are not backed up
/js/js_VtafjXmRvoUgAzqzYTA3Wrjkx9wcWhjP0G4ZnnqRamA.js.gz: Generated files are not backed up
/styles/thumbnail/public/2018-05/12_Mariana_det3.jpg: Generated files are not backed up
/styles/thumbnail/public/2018-04/48_Robert-Rauschenberg_2.jpg: Generated files are not backed up
/styles/thumbnail/public/2017-08/MENU_LH_Audio.jpg: Generated files are not backed up
/styles/thumbnail/public/2018-05/11_Dante-Self-Portrait_0.jpg: Generated files are not backed up
/styles/thumbnail/public/2017-12/1_Lagrenee_Mars-and-Venus_crop.jpg: Generated files are not backed up
/js/js_dA5fEaJREzn9V6vuLPnV-1Ix26NQ7XIR90ldO7XN6MI.js: Generated files are not backed up
/styles/thumbnail/public/2018-02/19_Sheeler_Classic-Landscape.jpg: Generated files are not backed up
/styles/thumbnail/public/2018-02/8_Schamberg_Painting_4.jpg: Generated files are not backed up
/styles/thumbnail/public/2018-04/3_Marisol_Five-Hands-and-One-Finger_0.jpg: Generated files are not backed up
/css/css_Inw3zoeejd9Yxm9tMlDLwgsDW2a5-F0qPCaEnWRjwPM.css.gz: Generated files are not backed up
/styles/thumbnail/public/2017-11/04_07_WEB.jpg: Generated files are not backed up
/styles/thumbnail/public/2018-02/42_Chaplin_Modern-Times_0.jpg: Generated files are not backed up
/styles/thumbnail/public/2018-05/9_John-Everett-Millais_0.jpg: Generated files are not backed up
/styles/thumbnail/public/2018-02/7_Henri_Ice-Floe.jpg: Generated files are not backed up
/styles/thumbnail/public/2018-04/45_ PLACEHOLDER_Frankenthaler_Lot’s Wife_0.jpg: Generated files are not backed up
/styles/thumbnail/public/2018-05/29_Raphael-Self-Portrait.jpg: Generated files are not backed up
/styles/thumbnail/public/2018-02/17_Sheeler_Upper-Deck-photo.jpg: Generated files are not backed up
/styles/thumbnail/public/2018-03/21_Sheeler_Classic-Landscape---repeat.jpg: Generated files are not backed up
/styles/thumbnail/public/2018-05/5_The-Germ_3.jpg: Generated files are not backed up
/css/css_HT5bG6ULO1IaapUL0FFlTnBHMXBHnI4_59f7qPcK6Jw.css.gz: Generated files are not backed up
/css/css_jjRpl_SRc4FLvpKnVpTtL7SUl9bzlqzVmkKg0GjVnKk.css.gz: Generated files are not backed up
/styles/thumbnail/public/2018-01/18_Le-Jeune_Counting.png: Generated files are not backed up
/css/css_xburOwsg-yMQhlcAUqg6I6dMQObaRYheYyYHvQHlULE.css.gz: Generated files are not backed up
/styles/thumbnail/public/2018-05/02_13_NEW_1.jpg: Generated files are not backed up
/styles/thumbnail/public/2018-04/12_Tatyana-Grosman-at-ULAE_0.jpg: Generated files are not backed up
/styles/thumbnail/public/2018-05/MENU_shop.jpg: Generated files are not backed up
/css/css_ItJ9aKJvf9hkORLCU5IIIbNanaDuhjD2xB3yMJIItco.css: Generated files are not backed up
/css/css_609Jy4jUwiq1kLZ-g_0dmNJ9jatp6bR9Ezltg3Q58g0.css.gz: Generated files are not backed up
/styles/thumbnail/public/2018-04/27_Thiebaud-in-Basement_2.jpg: Generated files are not backed up
/styles/thumbnail/public/2018-04/7_Oldenburg_Profile-Airflow_0.jpg: Generated files are not backed up
/styles/thumbnail/public/2018-04/28_Celmins_Untitled_4.jpg: Generated files are not backed up
/styles/thumbnail/public/2018-05/25_The-Annunciation.jpg: Generated files are not backed up
/js/js_BKcMdIbOMdbTdLn9dkUq3KCJfIKKo2SvKoQ1AnB8D-g.js.gz: Generated files are not backed up
/styles/thumbnail/public/2018-04/14_Kathan-Brown_1.jpg: Generated files are not backed up
/styles/thumbnail/public/2018-05/FOOTER_exhibition.jpg: Generated files are not backed up
/styles/thumbnail/public/2018-04/8_Oldenburg-with-car.jpg: Generated files are not backed up
/css/css_dz8YEljyHq6U55Th6vECNzu5S6ZKUwdnxwxVKo_9fqY.css.gz: Generated files are not backed up
/styles/thumbnail/public/2018-01/Exhibition_Footer.jpg: Generated files are not backed up
/css/css_ntDyR9O_XkNVvFYGXi2obcre9Gd8Bd3DBRnaCscRAgc.css.gz: Generated files are not backed up
/css/css_gZxCTrshRThZBJxmaSwq3kIlaJpLytZQvx3Jn820dTE.css.gz: Generated files are not backed up
/styles/thumbnail/public/2018-05/29_Raphael-Self-Portrait_1.jpg: Generated files are not backed up
/css/css_9BcKB-jW5RxNRAkT_FwSRj7AZz_VGk9Jdz3qHGEd02w.css.gz: Generated files are not backed up
/styles/thumbnail/public/2017-12/24_facebook_desktop.jpg: Generated files are not backed up
/styles/thumbnail/public/2018-04/37_Diebenkorn_#4_0.jpg: Generated files are not backed up
/css/css_HT5bG6ULO1IaapUL0FFlTnBHMXBHnI4_59f7qPcK6Jw.css: Generated files are not backed up
/styles/thumbnail/public/2018-04/1_Indiana_One_2.jpg: Generated files are not backed up
/css/css_O5cZjfosKMa1_8rrZhPew5FTYWz3UBpIWMA7VXTNQfI.css.gz: Generated files are not backed up
/styles/thumbnail/public/2017-11/test-klimt.jpg: Generated files are not backed up
/styles/thumbnail_600/public/2017-05/1_Degas_The-Milliners_Plate-90.jpg: Generated files are not backed up
/css/css_6J-nONLj1MeSnnBsnmiTfM-sXHQDBG-iVjXoC_5G0-g.css.gz: Generated files are not backed up
/styles/thumbnail/public/2017-12/7_Dr_Harl_Col_Commedia_0.png: Generated files are not backed up
/styles/timeline_600_/public/2018-02/12_Shafer_Sea-Lanes.jpg: Generated files are not backed up
/styles/thumbnail/public/2018-02/30_Bourke-White_Chrysler.jpg: Generated files are not backed up
/styles/thumbnail/public/2018-05/16_The-Annunciation_0.jpg: Generated files are not backed up
/js/js__YFMu_qMlz-2qkgp0eHDnZMtAXsZP2t-tJFHEUKMIdo.js.gz: Generated files are not backed up
/styles/thumbnail/public/2018-01/16a_symbol-cutout.png: Generated files are not backed up
/styles/thumbnail/public/2018-04/6_Nevelson_Sky Cathedral’s Presence_0.jpg: Generated files are not backed up
/styles/thumbnail/public/2018-05/41_Lichtenstein_Cathedral-#3.jpg: Generated files are not backed up
/styles/thumbnail/public/2018-04/7_Oldenburg_Profile-Airflow_1.jpg: Generated files are not backed up
/styles/thumbnail/public/2018-04/46_PLACEHOLDER_Rauschenberg_-Breakthrough-II_0.jpg: Generated files are not backed up
/styles/thumbnail/public/2018-02/37_Sheeler_Bucks-Barn.jpg: Generated files are not backed up
/js/js_6PpWdgtgAGkef40iZzbyzEJJPtTkgp7eWgacMu2Y89w.js: Generated files are not backed up
/styles/thumbnail/public/2018-04/30_Celmins_December_3.jpg: Generated files are not backed up
/styles/thumbnail/public/2018-02/5_Sheeler_Rolling-Power.jpg: Generated files are not backed up
/styles/thumbnail/public/2018-01/FOOTER_LH_Visit.jpg: Generated files are not backed up
/styles/thumbnail/public/2018-04/2_Albers_White-Line-Square-1_3.jpg: Generated files are not backed up
/styles/thumbnail/public/2018-05/13_Anne_1.jpg: Generated files are not backed up
/styles/thumbnail/public/2018-04/29_Celmins_Ocean-Surfaces_2.jpg: Generated files are not backed up
/styles/thumbnail/public/2018-02/FOOTER_DY_Cafe.jpg: Generated files are not backed up
/styles/thumbnail/public/2018-04/16_Estes and Domberger_1.jpg: Generated files are not backed up
/styles/thumbnail/public/2018-04/26_Thiebaud_Lemon-Meringue_5.jpg: Generated files are not backed up
/css/css_s4YR82rX-IzjqXN6fA_ufSRCoXjnXUltu01LEu54l3w.css.gz: Generated files are not backed up
/styles/thumbnail/public/2018-05/47_-Day-and-Night_0.jpg: Generated files are not backed up
/styles/thumbnail/public/2018-04/47_-Rauschenberg_Booster_0.jpg: Generated files are not backed up
/styles/thumbnail/public/2018-05/FOOTER_DS_SOL.jpg: Generated files are not backed up
/js/js_XGMcexssu42V1UFUG1vB-CoRzV-Yq4EfpR4mG_drjfA.js.gz: Generated files are not backed up
/styles/thumbnail/public/2018-04/14_Kathan-Brown_2.jpg: Generated files are not backed up
/styles/timeline_600_/public/2018-02/10_Sheeler_Interior-Apt.jpg: Generated files are not backed up
/styles/thumbnail/public/2018-02/18_Sheeler_Upper-deck-painting.jpg: Generated files are not backed up
/css/css_9hx1_Eg8X9HfjKKyoxvmIFAyIsRS_YAQJSn8OcqH9K0.css: Generated files are not backed up
/js/js_Yws1s7FWzl2HwAgfbiEQw9onhrrbcokrh8o8s_tGClk.js.gz: Generated files are not backed up
/styles/thumbnail/public/2018-04/28_Celmins_Untitled_1.jpg: Generated files are not backed up
/styles/thumbnail/public/2018-04/8_Oldenburg-with-car_0.jpg: Generated files are not backed up
/styles/thumbnail/public/2018-01/23_Ramsay-King-George-III.jpg: Generated files are not backed up
/styles/thumbnail/public/2018-05/2_Queen-Victoria_3.jpg: Generated files are not backed up
/styles/thumbnail/public/2018-05/27_Idealized-Portrait-of-a-Lady_0.jpg: Generated files are not backed up
/styles/thumbnail/public/2018-04/Screen-Shot-2018-04-27-at-10.18_edited.jpg: Generated files are not backed up
/styles/thumbnail/public/2018-02/FAMSF-Casa-Dress-16-Woman-Desktop-V2.jpg: Generated files are not backed up
/styles/thumbnail/public/2018-05/27_Idealized-Portrait-of-a-Lady.jpg: Generated files are not backed up
/styles/thumbnail/public/2018-04/25_Thiebaud_Double-Deckers_0.jpg: Generated files are not backed up
/styles/thumbnail/public/2018-05/39_Saint-Peter.jpg: Generated files are not backed up
/styles/thumbnail/public/2018-04/33_Motherwell_The-Black-Douglas-Stone.jpg: Generated files are not backed up
/styles/thumbnail/public/2018-02/15_Wire-Stitching-Full.jpg: Generated files are not backed up
/css/css_p54OPMq-evNxShBY5kxEcnLeKmkR9lweezKphTXFFX4.css: Generated files are not backed up
/styles/thumbnail/public/2018-04/34_Diebenkorn_#1_0.jpg: Generated files are not backed up
/js/js_tsv5nmZ-ibfYOsazXdW39ObP_8rKQlZOW4mUibGoEWQ.js.gz: Generated files are not backed up
/styles/thumbnail/public/2018-02/FOOTER_DY_Member.jpg: Generated files are not backed up
/css/css_oLoewJLPFbWKGXqNDrYRklQWJf2be7iNS1Jd8NBvq-U.css.gz: Generated files are not backed up
/css/css_olk-1WBig8cQRcY5nn1oT1NTeaiE4b-dFD5C0Bperuc.css: Generated files are not backed up
/styles/thumbnail/public/2018-02/3_Sheeler_Suspended-Power_2.jpg: Generated files are not backed up
/styles/thumbnail/public/2018-04/2_Sheeler_Conversation.jpg: Generated files are not backed up
/styles/thumbnail/public/2018-02/21_Sheeler_Classic-Landscape---repeat.jpg: Generated files are not backed up
/styles/thumbnail/public/2018-05/35_Georgiana_1.jpg: Generated files are not backed up
/styles/thumbnail_600/public/2018-05/1_Lady-Lilith_0.jpg: Generated files are not backed up
/styles/thumbnail/public/2018-02/34_Sheeler_Church-Street-El.jpg: Generated files are not backed up
/styles/thumbnail/public/2018-05/FOOTER_LH_Tours.jpg: Generated files are not backed up
/js/js_5J2HJl8SDXBcYkvBKHsEYZDsSR8Fd3x9qxseZVzcp08.js: Generated files are not backed up
/styles/thumbnail/public/2018-05/11_Dante-Self-Portrait_1.jpg: Generated files are not backed up
/styles/thumbnail/public/2018-01/6_Pantaloon_Commedia.png: Generated files are not backed up
/styles/thumbnail/public/2018-05/19_Copy-after-La-Primavera.jpg: Generated files are not backed up
/styles/thumbnail/public/2018-05/19_Copy-after-La-Primavera_1.jpg: Generated files are not backed up
/css/css_cx41h6Xyyg0ELdYSnMmuq6BNoh57r3K1Q7o85U2QBBU.css.gz: Generated files are not backed up
/css/css_XWRElWbh1jNbWi8RenDeLTGJnD7zFPBZq_wt0OTD7Xw.css: Generated files are not backed up
/styles/thumbnail/public/2018-04/13_June-Wayne_1.jpg: Generated files are not backed up
/styles/thumbnail/public/2018-05/21_Veronica-Veronese_0.jpg: Generated files are not backed up
/styles/thumbnail/public/2018-05/24_Beata-Beatrix_1.jpg: Generated files are not backed up
/styles/thumbnail/public/2018-04/3_Marisol_Five Hands and One Finger.jpg: Generated files are not backed up
/styles/thumbnail/public/2018-05/Exhibition_Footer.jpg: Generated files are not backed up
/styles/thumbnail/public/2018-04/49_Wool_Untitled.jpg: Generated files are not backed up
/styles/thumbnail/public/2018-04/0_First-Impressions-Title.jpg: Generated files are not backed up
/styles/thumbnail/public/2018-02/41_Crawford_Overseas-Highway.jpg: Generated files are not backed up
/styles/thumbnail/public/2018-04/40_Lichtenstein_Cathedral-#2.jpg: Generated files are not backed up
/styles/thumbnail/public/2018-02/26_Steiner_Lozowick_0.jpg: Generated files are not backed up
/styles/thumbnail/public/2018-05/49_store_footer.png: Generated files are not backed up
/styles/thumbnail/public/2018-01/Store_Footer.jpg: Generated files are not backed up
/js/js_MOFGtZ74WA6ONs-DvbbT6ezh306SD9CI0Yg-YJUZ1OI.js.gz: Generated files are not backed up
/styles/thumbnail/public/2018-05/41_The-Combat-of-the-Virtues.jpg: Generated files are not backed up
/styles/thumbnail/public/2018-04/26_Thiebaud_Lemon-Meringue.jpg: Generated files are not backed up
/styles/thumbnail/public/2018-01/FOOTER_Tours_2.jpg: Generated files are not backed up
/css/css_aM8m2nDfFhVQpvFa1-pIWCoacSBCdwuUviosOrGuuKA.css: Generated files are not backed up
/styles/thumbnail/public/2018-04/10_PLACEHOLDER_Serra_Du Common_0.jpg: Generated files are not backed up
/styles/thumbnail/public/2018-04/2_Albers_White-Line-Square-1_2.jpg: Generated files are not backed up
/styles/thumbnail/public/2018-01/15b_c_dress_all-4-clothing-graphics-1_mens_mobile.jpg: Generated files are not backed up
/styles/thumbnail/public/2018-05/3_Site-Clearance.jpg: Generated files are not backed up
/styles/thumbnail/public/2018-05/16_Estes and Domberger.jpg: Generated files are not backed up
/styles/thumbnail/public/2018-05/FOOTER_49_store-(2)_0.jpg: Generated files are not backed up
/styles/thumbnail/public/2018-05/31_Lucrezia_0.jpg: Generated files are not backed up
/styles/thumbnail/public/2018-04/29_Ault_Brooklyn-Heights.jpg: Generated files are not backed up
/styles/thumbnail/public/2017-08/1_title-page.jpg_2.jpg: Generated files are not backed up
/styles/thumbnail/public/2018-05/FOOTER_DY_Visit.jpg: Generated files are not backed up
/css/css_Cg7GkefjqGs7Mf-uzoxYxgtfR2c5041WdecLeHm_C3c.css: Generated files are not backed up
/styles/thumbnail/public/2018-05/28_Love-and-the-Maiden_1.jpg: Generated files are not backed up
/styles/thumbnail/public/2018-04/11_Tatyana Grossman et al._0.jpg: Generated files are not backed up
/styles/thumbnail/public/2018-05/8_Oldenburg-with-car.jpg: Generated files are not backed up
/styles/thumbnail/public/2017-08/FOOTER_Audio_2.jpg: Generated files are not backed up
/styles/thumbnail/public/2018-04/6_Nevelson_Sky Cathedral’s Presence.jpg: Generated files are not backed up
/styles/thumbnail/public/2017-12/6_Pantaloon_Commedia_0.png: Generated files are not backed up
/styles/thumbnail/public/2018-04/45_ PLACEHOLDER_Frankenthaler_Lot’s Wife_1.jpg: Generated files are not backed up
/styles/thumbnail/public/2018-04/35_Diebenkorn_#2.png: Generated files are not backed up
/styles/thumbnail/public/2018-02/8_Schamberg_Painting_1.jpg: Generated files are not backed up
/styles/thumbnail/public/2017-09/FOOTER_LH_Members.jpg: Generated files are not backed up
/styles/thumbnail/public/2018-02/36_Smartphones.jpg: Generated files are not backed up
/styles/thumbnail/public/2017-09/5_Aerial_Moon.jpg: Generated files are not backed up
/styles/thumbnail/public/2017-12/5_Guardi_Ridotto_Detail_crop.jpg: Generated files are not backed up
/js/js_pH0dl_DHPbveXNXEqUAHBQG9kfjePygYkxpkPMrvuxk.js.gz: Generated files are not backed up
/styles/thumbnail/public/2018-05/02_14_NEW-2.jpg: Generated files are not backed up
/js/js_VhqXmo4azheUjYC30rijnR_Dddo0WjWkF27k5gTL8S4.js.gz: Generated files are not backed up
/styles/thumbnail/public/2018-04/23_Thiebaud_Cherry-Stand_1.jpg: Generated files are not backed up
/styles/thumbnail/public/2018-04/MENU_diebenkorn.jpg: Generated files are not backed up
/styles/thumbnail/public/2018-05/3_Site-Clearance_1.jpg: Generated files are not backed up
/styles/thumbnail/public/2018-02/FAMSF-Casa-Dress-16-Man-Mobile-V2.jpg: Generated files are not backed up
/styles/thumbnail/public/2018-04/30_Celmins_December_4.jpg: Generated files are not backed up
/styles/thumbnail/public/2018-05/24_Beata-Beatrix.jpg: Generated files are not backed up
/styles/thumbnail/public/2018-01/1_Lagrenee_Mars-and-Venus_crop_0.jpg: Generated files are not backed up
/styles/thumbnail/public/2018-05/01_09.jpg: Generated files are not backed up
/js/js_Bwoez0PrLz2DaQhsHn4mIQu8WwlgLxVhMwE5gBsYfS8.js: Generated files are not backed up
/styles/thumbnail/public/2018-03/27_Albers-machine-art-v3.png: Generated files are not backed up
/styles/thumbnail/public/2018-01/9_doctor_commedia.png: Generated files are not backed up
/styles/thumbnail/public/2018-05/44_Lichtenstein_Cathedral-#6_0.jpg: Generated files are not backed up
/styles/thumbnail/public/2017-12/4_Nattier_Thalia_crop.jpg: Generated files are not backed up
/styles/thumbnail/public/2018-04/5_Louise-Nevelson-Printing_0.jpg: Generated files are not backed up
/styles/thumbnail/public/2017-09/MENU_Exhibition.jpg: Generated files are not backed up
/styles/thumbnail/public/2018-04/13_June-Wayne_2.jpg: Generated files are not backed up
/css/css_gZxCTrshRThZBJxmaSwq3kIlaJpLytZQvx3Jn820dTE.css: Generated files are not backed up
/styles/thumbnail/public/2018-04/1_Indiana_One_0.jpg: Generated files are not backed up
/styles/thumbnail/public/2018-04/6_Nevelson_Sky-Cathedral’s-Presence_1.jpg: Generated files are not backed up
/styles/thumbnail/public/2018-04/11_Tatyana Grossman et al._1.jpg: Generated files are not backed up
/styles/thumbnail/public/2018-04/2_Albers_White-Line-Square-1_0.jpg: Generated files are not backed up
/styles/thumbnail/public/2018-04/24_Thiebaud_Bacon-and-Eggs_0.jpg: Generated files are not backed up
/styles/thumbnail/public/2018-05/35_Georgiana_0.jpg: Generated files are not backed up
/js/js_1i9kkaqBI1giuSdAKLiQ6rTNXbWgUIKXqJHrJta-ZF0.js: Generated files are not backed up
/styles/thumbnail/public/2018-05/45_-Witches’-Tree_0.jpg: Generated files are not backed up
/styles/thumbnail/public/2018-02/27_Albers_Machine.jpg: Generated files are not backed up
/styles/thumbnail/public/2017-12/12_liotard_frankish.jpg: Generated files are not backed up
/styles/thumbnail/public/2018-05/02_13_NEW_0.jpg: Generated files are not backed up
/styles/thumbnail/public/2018-01/18_Le-Jeune_Counting_0.png: Generated files are not backed up
/styles/thumbnail/public/2018-02/36_Smartphones_2.jpg: Generated files are not backed up
/styles/thumbnail/public/2018-05/34_Beata-Beatrix.jpg: Generated files are not backed up
/styles/thumbnail/public/2018-05/47_-Day-and-Night.jpg: Generated files are not backed up
/styles/thumbnail/public/2018-05/13_Anne_0.jpg: Generated files are not backed up
/css/css_gM3m_mZEXXS4lm_M60AhQQwWlPrW-gc3oaG_73ALpdU.css.gz: Generated files are not backed up
/js/js_VhqXmo4azheUjYC30rijnR_Dddo0WjWkF27k5gTL8S4.js: Generated files are not backed up
/styles/thumbnail/public/2018-05/49_store_footer.jpg: Generated files are not backed up
/styles/thumbnail/public/2018-04/6_Nevelson_Sky Cathedral’s Presence_1.jpg: Generated files are not backed up
/css/css_jpGDrxllphV1yOW0EyrczFLgYB-RcQcRkUhN5gu3UDQ.css.gz: Generated files are not backed up
/styles/thumbnail/public/2017-12/4_Nattier_Thalia_crop_0.jpg: Generated files are not backed up
/styles/thumbnail/public/2018-05/32_Veronica-Veronese.jpg: Generated files are not backed up
/styles/thumbnail/public/2018-01/7_Dr_Harl_Col_Commedia.png: Generated files are not backed up
/styles/thumbnail/public/2018-04/21_Thiebaud_Fish.jpg: Generated files are not backed up
/styles/thumbnail/public/2018-02/40_Portlandia.jpg: Generated files are not backed up
/styles/thumbnail/public/2017-09/Teo_pictorial_cover_v2-1.jpg: Generated files are not backed up
/styles/thumbnail/public/2018-01/23_Tiepolo_Empire-of-Flora_ca_0.jpg: Generated files are not backed up
/styles/thumbnail/public/2017-09/27_View_South_Street_LG.png: Generated files are not backed up
/styles/thumbnail/public/2018-05/6_The-Germ-Illustration_0.jpg: Generated files are not backed up
/styles/thumbnail_600/public/2017-09/04_02_TASCHEN_HERO_layer.jpg: Generated files are not backed up
/styles/thumbnail/public/2017-09/04_02_TASCHEN_HERO_layer.jpg: Generated files are not backed up
/styles/thumbnail/public/2018-04/6_Nevelson_Sky Cathedral’s Presence_3.jpg: Generated files are not backed up
/styles/thumbnail/public/2018-05/43_Love-in-a-Mist.jpg: Generated files are not backed up
/styles/thumbnail/public/2018-02/FOOTER_DY_General_0.jpg: Generated files are not backed up
/js/js_BKcMdIbOMdbTdLn9dkUq3KCJfIKKo2SvKoQ1AnB8D-g.js: Generated files are not backed up
/styles/thumbnail/public/2018-04/14_Kathan-Brown_0.jpg: Generated files are not backed up
/styles/thumbnail/public/2017-09/10_FS-Pyramid.jpg: Generated files are not backed up
/styles/thumbnail/public/2018-05/39_Lichtenstein_Cathedral-#1.jpg: Generated files are not backed up
/styles/thumbnail/public/2018-01/19_Muller_Vauxhall_crop.jpg: Generated files are not backed up
/styles/thumbnail/public/2018-01/10_Mezzetin_commedia.png: Generated files are not backed up
/js/js_g1m9wZPeKiGmZUBXNnS9VMYVYUWFfnKrcumLB6mXD3c.js: Generated files are not backed up
/styles/thumbnail/public/2018-04/29_Celmins_Ocean-Surfaces_4.jpg: Generated files are not backed up
/styles/thumbnail/public/2018-02/10_Sheeler_Interior-Apt.jpg: Generated files are not backed up
/styles/thumbnail/public/2018-04/36_Diebenkorn_#3_0.jpg: Generated files are not backed up
/styles/thumbnail/public/2018-05/37_Love and the Maiden1.jpg: Generated files are not backed up
/styles/thumbnail/public/2017-12/15b_c_dress_all-4-clothing-graphics-3.jpg: Generated files are not backed up
/styles/thumbnail/public/2018-05/18_Kathan-Brown-Reviewing-Delights_crop_0.jpg: Generated files are not backed up
/js/js_Yws1s7FWzl2HwAgfbiEQw9onhrrbcokrh8o8s_tGClk.js: Generated files are not backed up
/styles/thumbnail/public/2017-12/13_Berka_Flight-from-Prison.jpg: Generated files are not backed up
/styles/thumbnail/public/2018-05/24_Beata-Beatrix_2.jpg: Generated files are not backed up
/css/css_PXyIrU38qiFXnoysxpO8xotswS4pUBKPlnGvu_gtBk8.css: Generated files are not backed up
/styles/thumbnail/public/2018-05/3_Site-Clearance_2.jpg: Generated files are not backed up
/styles/thumbnail/public/2018-04/12_Tatyana-Grosman-at-ULAE.jpg: Generated files are not backed up
/styles/thumbnail/public/2017-05/1_Degas_The-Milliners_Plate-90.jpg: Generated files are not backed up
/styles/thumbnail/public/2018-01/Exhibition_Footer_0.jpg: Generated files are not backed up
/styles/thumbnail/public/2018-02/6_Leger_Machine-Age-Exposition.jpg: Generated files are not backed up
/styles/thumbnail/public/2018-04/47_-Rauschenberg_Booster_1.jpg: Generated files are not backed up
/styles/thumbnail/public/2018-04/4_Nevelson_Untitled_5.jpg: Generated files are not backed up
/styles/thumbnail/public/2018-04/24_Thiebaud_Bacon-and-Eggs.jpg: Generated files are not backed up
/styles/thumbnail/public/2018-04/26_Thiebaud_Lemon-Meringue_4.jpg: Generated files are not backed up
/styles/thumbnail/public/2018-04/9_Stack-of-Molded-Polyurethane_0.jpg: Generated files are not backed up
/styles/thumbnail/public/2017-12/12_liotard_frankish_0.jpg: Generated files are not backed up
/styles/thumbnail/public/2018-01/22_Duchcov.jpg: Generated files are not backed up
/styles/thumbnail/public/2018-01/15a_Boucher_Juno_crop_1.jpg: Generated files are not backed up
/js/js_VZraF4pcKoby-WaHXpdb8EI8G-DBo2GNvVlpFYQj02U.js: Generated files are not backed up
/styles/thumbnail/public/2018-01/Store_Footer_1.jpg: Generated files are not backed up
/js/js_1i9kkaqBI1giuSdAKLiQ6rTNXbWgUIKXqJHrJta-ZF0.js.gz: Generated files are not backed up
/styles/thumbnail/public/2018-04/29_Celmins_Ocean-Surfaces.jpg: Generated files are not backed up
/styles/thumbnail/public/2018-04/26_Thiebaud_Lemon-Meringue_3.jpg: Generated files are not backed up
/styles/thumbnail/public/2018-05/33_Proserpine_0.jpg: Generated files are not backed up
/styles/thumbnail/public/2018-05/FOOTER_Tours_2.jpg: Generated files are not backed up
/styles/thumbnail/public/2018-01/15b_c_dress_all-4-clothing-graphics-1_mens_mobile_0.jpg: Generated files are not backed up
/styles/thumbnail/public/2018-01/25978_HashtagModules_WEB.jpg: Generated files are not backed up
/styles/thumbnail/public/2018-02/3_Sheeler_Suspended-Power_4.jpg: Generated files are not backed up
/styles/thumbnail/public/2018-04/19_Thiebaud_Lunch_3.jpg: Generated files are not backed up
/styles/thumbnail/public/2018-05/20_Copy-after-the-Birth-of-Venus_0.jpg: Generated files are not backed up
/styles/thumbnail/public/2018-04/10_PLACEHOLDER_Serra_Du Common_1.jpg: Generated files are not backed up
/styles/thumbnail/public/2018-05/9_Stack-of-Molded-Polyurethane.jpg: Generated files are not backed up
/styles/thumbnail/public/2018-04/22_Thiebaud_Banana-Splits.jpg: Generated files are not backed up
/styles/thumbnail/public/2018-01/16a_symbol-cutout_0.png: Generated files are not backed up
/styles/thumbnail/public/2017-03/A066355_8_WEB.jpg_DS_FOOTER.jpg: Generated files are not backed up
/css/css_fijhpkP-bOF-gV8OhL3bWEn3ADfrIAI9GQ2PeL4-BEY.css: Generated files are not backed up
/styles/thumbnail/public/2018-05/FOOTER_ENEWS_LH.jpg: Generated files are not backed up
/styles/thumbnail/public/2018-04/39_Lichtenstein_Cathedral #1.jpg: Generated files are not backed up
/js/js_pvfMxwki9jPCQpZApWd5wztte9IubY-RvcW7LmXj0RM.js.gz: Generated files are not backed up
/styles/thumbnail/public/2018-05/8_Art-and-Poetry-Illustration_0.jpg: Generated files are not backed up
/styles/thumbnail/public/2018-01/3_casanova-portrait.jpg: Generated files are not backed up
/styles/thumbnail/public/2018-04/28_Celmins_Untitled_0.jpg: Generated files are not backed up
/css/css_aM8m2nDfFhVQpvFa1-pIWCoacSBCdwuUviosOrGuuKA.css.gz: Generated files are not backed up
/styles/thumbnail/public/2018-02/43_Ex-Machina.jpg: Generated files are not backed up
/styles/thumbnail/public/2018-03/22_Demuth_Incense-of-a-New-Church.jpg: Generated files are not backed up
/styles/thumbnail/public/2018-02/DIgStories Banners_3.jpg: Generated files are not backed up
/styles/thumbnail/public/2018-05/10_PLACEHOLDER_Serra_Du Common.jpg: Generated files are not backed up
/styles/thumbnail/public/2018-04/48_Robert Rauschenberg.jpg: Generated files are not backed up
/styles/thumbnail/public/2018-02/4_Sheeler_Yankee-Clipper.jpg: Generated files are not backed up
/styles/thumbnail_600/public/2018-01/Canaletto_hero_0.jpg: Generated files are not backed up
/styles/thumbnail/public/2018-04/2_Albers_White-Line-Square-1.jpg: Generated files are not backed up
/styles/thumbnail/public/2018-05/5_The-Germ.jpg: Generated files are not backed up
/styles/thumbnail/public/2018-04/2_Albers_White-Line-Square-1_1.jpg: Generated files are not backed up
/js/js_RJGVVMCwmqx3eFlcY0q-oLk_cYOF7V3ebuOugMta5-4.js.gz: Generated files are not backed up
/styles/thumbnail/public/2018-04/13_June-Wayne.jpg: Generated files are not backed up
/styles/thumbnail/public/2018-05/40_William-Morris-with-Edward-Burne-Jones.jpg: Generated files are not backed up
/styles/thumbnail/public/2018-04/first-encounters-hero-edited.jpg: Generated files are not backed up
/styles/thumbnail/public/2018-05/06_06.jpg: Generated files are not backed up
/js/js_Bwoez0PrLz2DaQhsHn4mIQu8WwlgLxVhMwE5gBsYfS8.js.gz: Generated files are not backed up
/styles/thumbnail/public/2018-05/22b_Timeline for mobile.png: Generated files are not backed up
/css/css_Ebu15LcfQEDKdMgmGRv_oL1ODOiYRgPsK7b9YcXSyr4.css: Generated files are not backed up
/styles/thumbnail/public/2018-04/44_PLACEHOLDER_Lichtenstein_Cathedral #6_0.jpg: Generated files are not backed up
/css/css_fijhpkP-bOF-gV8OhL3bWEn3ADfrIAI9GQ2PeL4-BEY.css.gz: Generated files are not backed up
/styles/thumbnail/public/2017-09/6_Obsidian_Cutout_V4.png: Generated files are not backed up
/js/js_MOFGtZ74WA6ONs-DvbbT6ezh306SD9CI0Yg-YJUZ1OI.js: Generated files are not backed up
/styles/thumbnail/public/2018-04/16_Estes and Domberger.jpg: Generated files are not backed up
/styles/thumbnail/public/2018-04/6_Nevelson_Sky Cathedral’s Presence_2.jpg: Generated files are not backed up
/styles/thumbnail/public/2017-03/ARTMENTOR_Logo_farbig_NAVY.png: Generated files are not backed up
/styles/thumbnail/public/2017-12/15b_c_dress_all-4-clothing-graphics-4_mobile.jpg: Generated files are not backed up
/styles/thumbnail/public/2018-05/22_Timeline.jpg: Generated files are not backed up
/css/css_rmGn-SKL4IFu4Zr1OcRqh7SI7AiLxtFH_x5mWEVobOI.css: Generated files are not backed up
/styles/thumbnail/public/2018-05/22_Timeline.png: Generated files are not backed up
/styles/thumbnail/public/2018-05/11_Dante-Self-Portrait.jpg: Generated files are not backed up
/js/js_RJGVVMCwmqx3eFlcY0q-oLk_cYOF7V3ebuOugMta5-4.js: Generated files are not backed up
/styles/thumbnail/public/2018-05/31_Lucrezia_1.jpg: Generated files are not backed up
/styles/thumbnail/public/2018-02/36_Smartphones_0.jpg: Generated files are not backed up
/styles/thumbnail/public/2018-05/28_Love-and-the-Maiden_0.jpg: Generated files are not backed up
/styles/thumbnail/public/2018-04/31_Motherwell_The Celtic Stone.jpg: Generated files are not backed up
/styles/thumbnail/public/2018-01/FOOTER_Digital.jpg: Generated files are not backed up
/styles/thumbnail/public/2018-04/19_Thiebaud_Lunch_0.jpg: Generated files are not backed up
/styles/thumbnail/public/2018-05/MENU_49_store-(2).jpg: Generated files are not backed up
/css/css_X9b8moVQvzoyB7wylSukalvm-ibdSiEN_KL6WjPm_60.css: Generated files are not backed up
/styles/thumbnail/public/2018-05/3_Site-Clearance_0.jpg: Generated files are not backed up
/styles/thumbnail/public/2018-05/2.5_Andersons.jpg: Generated files are not backed up
/js/js_nAsaRToayew12TCwmd_Gykrp51M0zBp2KN0pIeJn2kk.js.gz: Generated files are not backed up
/styles/thumbnail/public/2018-05/21_Veronica-Veronese.jpg: Generated files are not backed up
/js/js_dA5fEaJREzn9V6vuLPnV-1Ix26NQ7XIR90ldO7XN6MI.js.gz: Generated files are not backed up
/styles/thumbnail/public/2018-04/32_PLACEHOLDER_Motherwell_The Aberdeen Stone.jpg: Generated files are not backed up
/styles/thumbnail/public/2018-02/FOOTER_Tours_2.jpg: Generated files are not backed up
/styles/thumbnail/public/2018-05/37_Love-and-the-Maiden3.jpg: Generated files are not backed up
/styles/thumbnail/public/2018-05/43_Lichtenstein_Cathedral-#5.jpg: Generated files are not backed up
/styles/thumbnail/public/2018-04/8_Oldenburg-with-car_1.jpg: Generated files are not backed up
/css/css_X9b8moVQvzoyB7wylSukalvm-ibdSiEN_KL6WjPm_60.css.gz: Generated files are not backed up
/js/js_inwLu6OXlO-u8tBti_qwtKu6MvuMWw-kDMpgVKXuII4.js: Generated files are not backed up
/styles/thumbnail/public/2018-04/23_Thiebaud_Cherry-Stand.jpg: Generated files are not backed up
/styles/thumbnail/public/2018-04/44_PLACEHOLDER_Lichtenstein_Cathedral #6.jpg: Generated files are not backed up
/styles/thumbnail/public/2018-05/1_Lady-Lilith.jpg: Generated files are not backed up
/styles/thumbnail/public/2018-05/28_Love-and-the-Maiden.jpg: Generated files are not backed up
/styles/thumbnail/public/2018-05/2_Queen-Victoria_2.jpg: Generated files are not backed up
/css/css_9BcKB-jW5RxNRAkT_FwSRj7AZz_VGk9Jdz3qHGEd02w.css: Generated files are not backed up
/styles/thumbnail/public/2018-01/cochin_maskedball.jpg: Generated files are not backed up
/css/css_cx41h6Xyyg0ELdYSnMmuq6BNoh57r3K1Q7o85U2QBBU.css: Generated files are not backed up
/styles/thumbnail/public/2018-04/1_Indiana_One.jpg: Generated files are not backed up
/styles/thumbnail/public/2018-05/03_04_NEW_framed_1.jpg: Generated files are not backed up
/styles/thumbnail/public/2018-04/46_PLACEHOLDER_Rauschenberg_ Breakthrough II.jpg: Generated files are not backed up
/styles/thumbnail/public/2018-04/1_Title_edited.jpg: Generated files are not backed up
/css/css_qwiaqLXbcPz9Wy3UpBFFxYQuAj3a84bR0pwrIDtPBz8.css.gz: Generated files are not backed up
/styles/thumbnail/public/2018-02/3_Sheeler_Suspended-Power_1.jpg: Generated files are not backed up
/styles/thumbnail/public/2018-01/15b_c_dress_all-4-clothing-graphics-4_mobile_0.jpg: Generated files are not backed up
/styles/thumbnail/public/2018-05/06_01_0.jpg: Generated files are not backed up
/styles/thumbnail/public/2018-02/45_more-about-the-exhibitions.jpg: Generated files are not backed up
/styles/thumbnail/public/2018-01/3_casanova-portrait_0.jpg: Generated files are not backed up
/styles/thumbnail/public/2018-02/36_Smartphones_1.jpg: Generated files are not backed up
/css/css_zmunwpRw_s5V-m84HJWhSVeQqRxQZ8Mce998mFtR4fg.css.gz: Generated files are not backed up
/styles/thumbnail/public/2018-02/1_Sheeler_Golden-Gate.jpg: Generated files are not backed up
/styles/thumbnail/public/2018-04/FOOTER_Tours.jpg: Generated files are not backed up
/styles/thumbnail/public/2018-04/27_Thiebaud-in-Basement_1.jpg: Generated files are not backed up
/styles/thumbnail/public/2018-05/18_Kathan-Brown-Reviewing-Delights_crop.jpg: Generated files are not backed up
/styles/thumbnail/public/2018-04/FOOTER_DY_Visit.jpg: Generated files are not backed up
/styles/thumbnail/public/2018-06/17_Arnolfini-Portrait.jpg: Generated files are not backed up
/styles/thumbnail/public/2018-04/6_Nevelson_Sky-Cathedral’s-Presence.jpg: Generated files are not backed up
/css/css_9hx1_Eg8X9HfjKKyoxvmIFAyIsRS_YAQJSn8OcqH9K0.css.gz: Generated files are not backed up
/styles/thumbnail/public/2017-12/3_Casanova_Casanova_crop_PLACEHOLDER.jpg: Generated files are not backed up
/styles/thumbnail/public/2018-05/03_04_NEW_framed.jpg: Generated files are not backed up
/styles/thumbnail/public/2018-04/3_Marisol_Five-Hands-and-One-Finger_2.jpg: Generated files are not backed up
/styles/thumbnail/public/2018-05/40_Lichtenstein_Cathedral-#2.jpg: Generated files are not backed up
/styles/thumbnail/public/2018-04/47_-Rauschenberg_Booster_3.jpg: Generated files are not backed up
/styles/thumbnail/public/2018-04/38_Sheeler_Kitchen.jpg: Generated files are not backed up
/js/js_49FFTd71ibdoUqGak8Zym80NCQwRuI8tWFp8E5sKucs.js.gz: Generated files are not backed up
/styles/thumbnail/public/2018-04/30_Celmins_December.jpg: Generated files are not backed up
/styles/thumbnail/public/2018-05/10_William-Holman-Hunt_0.jpg: Generated files are not backed up
/styles/thumbnail/public/2018-05/20_Copy-after-the-Birth-of-Venus_1.jpg: Generated files are not backed up
/styles/thumbnail/public/2018-04/24_Thiebaud_Bacon-and-Eggs_1.jpg: Generated files are not backed up
/styles/thumbnail/public/2018-05/21_Veronica-Veronese_1.jpg: Generated files are not backed up
/styles/thumbnail/public/2018-05/37_Love-and-the-Maiden.jpg: Generated files are not backed up
/styles/thumbnail/public/2018-02/15_Wire Stitching Full.jpg: Generated files are not backed up
/styles/thumbnail/public/2018-05/10_William-Holman-Hunt.jpg: Generated files are not backed up
/styles/thumbnail/public/2017-09/MENU_Shop.jpg: Generated files are not backed up
/css/css_dz8YEljyHq6U55Th6vECNzu5S6ZKUwdnxwxVKo_9fqY.css: Generated files are not backed up
/styles/thumbnail/public/2018-05/02_14_NEW-2_0.jpg: Generated files are not backed up
/css/css_d4qbxsCTNpa86gC2PL4LAk2P-w86x3rJ_dyS4x5FAJ8.css: Generated files are not backed up
/styles/thumbnail/public/2017-09/Aerial_Sun_Moon_02_0.jpg: Generated files are not backed up
/styles/thumbnail/public/2018-05/34_Beata-Beatrix_0.jpg: Generated files are not backed up
/styles/thumbnail/public/2018-02/27_Albers_Machine-2 (1)_0.png: Generated files are not backed up
/styles/thumbnail/public/2018-04/48_Robert Rauschenberg_0.jpg: Generated files are not backed up
/styles/thumbnail/public/2018-05/20_Copy-after-the-Birth-of-Venus.jpg: Generated files are not backed up
/styles/thumbnail/public/2018-05/13_Anne.jpg: Generated files are not backed up
/styles/thumbnail/public/2018-01/Canaletto_hero_0.jpg: Generated files are not backed up
/styles/thumbnail/public/2018-05/36_Evelyn-De-Morgan.jpg: Generated files are not backed up
/styles/thumbnail/public/2018-05/43_Love-in-a-Mist_0.jpg: Generated files are not backed up
/styles/thumbnail/public/2018-04/8_Oldenburg with car_0.jpg: Generated files are not backed up
/styles/thumbnail/public/2018-05/36_Evelyn-De-Morgan_RECROP.jpg: Generated files are not backed up
/css/css_1Jnd5BabTDi-e0MNJzjzgcpztA3raQIWTiHXBBIoV48.css.gz: Generated files are not backed up
/styles/thumbnail/public/2018-05/Video_2_Cast of Characters [placeholder].jpg: Generated files are not backed up
/styles/thumbnail/public/2018-05/30_Hardinge-Hay_1.jpg: Generated files are not backed up
/styles/thumbnail/public/2018-04/19_Thiebaud_Lunch_1.jpg: Generated files are not backed up
/styles/thumbnail/public/2018-04/45_ PLACEHOLDER_Frankenthaler_Lot’s Wife.jpg: Generated files are not backed up
/js/js_pH0dl_DHPbveXNXEqUAHBQG9kfjePygYkxpkPMrvuxk.js: Generated files are not backed up
/styles/thumbnail/public/2018-02/3_Sheeler_Suspended-Power.jpg: Generated files are not backed up
/css/css_p54OPMq-evNxShBY5kxEcnLeKmkR9lweezKphTXFFX4.css.gz: Generated files are not backed up
/styles/thumbnail/public/2018-02/39_Ault_Bright-Light.jpg: Generated files are not backed up
/styles/thumbnail/public/2018-05/2_Queen-Victoria.jpg: Generated files are not backed up
/css/css_PXyIrU38qiFXnoysxpO8xotswS4pUBKPlnGvu_gtBk8.css.gz: Generated files are not backed up
/styles/thumbnail/public/2018-01/13_Berka_Flight-from-Prison_1.jpg: Generated files are not backed up
/styles/thumbnail/public/2018-05/18_Portrait-of-a-Lady_1.jpg: Generated files are not backed up
/styles/thumbnail/public/2018-05/30_Hardinge-Hay.jpg: Generated files are not backed up
/styles/thumbnail/public/2018-01/21_Bellotto_Dresden.jpg: Generated files are not backed up
/js/js_VtafjXmRvoUgAzqzYTA3Wrjkx9wcWhjP0G4ZnnqRamA.js: Generated files are not backed up
/styles/thumbnail/public/2018-04/26_Thiebaud_Lemon-Meringue_2.jpg: Generated files are not backed up
/styles/thumbnail/public/2018-04/12_Tatyana Grosman at ULAE_0.jpg: Generated files are not backed up
/styles/thumbnail/public/2018-04/50_Diebenkorn_#1.jpg: Generated files are not backed up
/styles/thumbnail/public/2018-05/03_04_NEW_framed_2.jpg: Generated files are not backed up
/styles/thumbnail/public/2018-02/29_Ault_Brooklyn-Heights.jpg: Generated files are not backed up
/styles/thumbnail/public/2018-04/12_Tatyana Grosman at ULAE.jpg: Generated files are not backed up
/styles/thumbnail/public/2018-01/23_Tiepolo_Empire-of-Flora_ca.jpg: Generated files are not backed up
/styles/thumbnail/public/2018-01/15a_Boucher_Juno_crop_0.jpg: Generated files are not backed up
/styles/thumbnail/public/2017-08/FOOTER_Tours_0.jpg: Generated files are not backed up
/styles/thumbnail/public/2018-02/27_Albers_Machine-2-(1).png: Generated files are not backed up
/styles/thumbnail/public/2018-04/15_Estes_Ten-Doors.jpg: Generated files are not backed up
/styles/thumbnail/public/2018-02/2_Sheeler_Conversation.jpg: Generated files are not backed up
/styles/thumbnail/public/2018-05/37_Love-and-the-Maiden_det1.jpg: Generated files are not backed up
/css/css_Cg7GkefjqGs7Mf-uzoxYxgtfR2c5041WdecLeHm_C3c.css.gz: Generated files are not backed up
/styles/thumbnail/public/2018-04/15_Estes_Ten Doors_0.jpg: Generated files are not backed up
/styles/thumbnail/public/2018-04/34_Diebenkorn_#1.jpg: Generated files are not backed up
/styles/thumbnail/public/2018-01/24_facebook_mobile_0.jpg: Generated files are not backed up
/styles/thumbnail/public/2018-04/36_Diebenkorn_#3.jpg: Generated files are not backed up
/styles/thumbnail/public/2018-01/16b_symbol-cutout.png: Generated files are not backed up
/css/css_qwiaqLXbcPz9Wy3UpBFFxYQuAj3a84bR0pwrIDtPBz8.css: Generated files are not backed up
/styles/timeline_600_/public/2018-02/11_Duchamp_Nine-Malic-Moulds.jpg: Generated files are not backed up
/styles/thumbnail/public/2018-04/29_Celmins_Ocean-Surfaces_1.jpg: Generated files are not backed up
/css/css_s4YR82rX-IzjqXN6fA_ufSRCoXjnXUltu01LEu54l3w.css: Generated files are not backed up
/styles/thumbnail/public/2018-04/27_Thiebaud-in-Basement.jpg: Generated files are not backed up
/styles/thumbnail/public/2018-01/15a_Boucher_Juno_crop.jpg: Generated files are not backed up
/styles/thumbnail/public/2018-01/20_Bellotto_Dresden.jpg: Generated files are not backed up
/styles/thumbnail/public/2018-04/40_Lichtenstein_Cathedral #2.jpg: Generated files are not backed up
/css/css_q3oZz0-JqA9xdbOTqiPeFAohTR6Z0yaEGf-Qkw1cthA.css.gz: Generated files are not backed up
/styles/thumbnail/public/2018-05/8_Art-and-Poetry-Illustration_1.jpg: Generated files are not backed up
/styles/thumbnail/public/2018-04/1_Indiana_One_1.jpg: Generated files are not backed up
/styles/thumbnail/public/2018-04/22_Thiebaud_Banana-Splits_1.jpg: Generated files are not backed up
/styles/thumbnail/public/2018-05/7_Oldenburg_Profile-Airflow.jpg: Generated files are not backed up
/styles/thumbnail/public/2018-04/3_Marisol_Five Hands and One Finger_0.jpg: Generated files are not backed up
/js/js_inwLu6OXlO-u8tBti_qwtKu6MvuMWw-kDMpgVKXuII4.js.gz: Generated files are not backed up
/styles/thumbnail/public/2018-05/48_Saint-Adelaide.jpg: Generated files are not backed up
/css/css_Va4zLdYXDM0x79wYfYIi_RSorpNS_xtrTcNUqq0psQA.css.gz: Generated files are not backed up
/styles/thumbnail/public/2018-05/MENU_exhibition.jpg: Generated files are not backed up
/styles/thumbnail/public/2018-04/3_Marisol_Five-Hands-and-One-Finger.jpg: Generated files are not backed up
/styles/thumbnail/public/2018-04/43_Lichtenstein_Cathedral-#5.jpg: Generated files are not backed up
/styles/thumbnail/public/2018-04/9_Stack-of-Molded-Polyurethane_1.jpg: Generated files are not backed up
/styles/thumbnail/public/2018-02/8_Schamberg_Painting_2.jpg: Generated files are not backed up
/styles/thumbnail/public/2017-08/Menu_PeterCoyote-web.jpg: Generated files are not backed up
/styles/thumbnail/public/2018-04/4_Nevelson_Untitled_3.jpg: Generated files are not backed up
/styles/thumbnail/public/2018-01/FOOOTER_Member.jpg: Generated files are not backed up
/styles/thumbnail/public/2018-04/5_Louise-Nevelson-Printing.jpg: Generated files are not backed up
/styles/thumbnail/public/2018-04/49_Wool_Untitled_1.jpg: Generated files are not backed up
/styles/thumbnail/public/2017-12/10_Mezzetin_commedia.png: Generated files are not backed up
/styles/thumbnail/public/2018-05/46_-White-Garden_0.jpg: Generated files are not backed up
/css/css_tQQiDInBLNgcqA-BrnLwCC4-V38gYrTJgFdw-JPBxEs.css: Generated files are not backed up
/styles/thumbnail/public/2018-04/1_Indiana_One_3.jpg: Generated files are not backed up
/css/css_SJtxG8rf4bcvObk9x_BHzNKszSeA9vbwSKf_NNOlLxo.css: Generated files are not backed up
/styles/thumbnail/public/2018-01/24_facebook_desktop.jpg: Generated files are not backed up
/styles/thumbnail/public/2018-04/18_Kathan-Brown-Reviewing-Delights_2.jpg: Generated files are not backed up
/styles/thumbnail/public/2018-04/42_Lichtenstein_Cathedral-#4.jpg: Generated files are not backed up
/styles/thumbnail/public/2018-04/14_Kathan-Brown_3.jpg: Generated files are not backed up
/styles/thumbnail/public/2018-04/35_Diebenkorn_#2.jpg: Generated files are not backed up
/styles/thumbnail/public/2018-05/12_Mariana_det2.jpg: Generated files are not backed up
/styles/thumbnail/public/2018-05/FOOTER_DY_Member.jpg: Generated files are not backed up
/styles/thumbnail/public/2017-08/MENU_Audio.jpg: Generated files are not backed up
/styles/thumbnail/public/2018-04/37_Diebenkorn_#4.jpg: Generated files are not backed up
/styles/thumbnail/public/2018-05/32_Veronica-Veronese_0.jpg: Generated files are not backed up
/js/js_cKBLmPfOfX6IdDnf2nlt-OeqYhlUApOYatq9K94l5FE.js: Generated files are not backed up
/styles/thumbnail/public/2018-04/4_Nevelson_Untitled_4.jpg: Generated files are not backed up
/css/css_6J-nONLj1MeSnnBsnmiTfM-sXHQDBG-iVjXoC_5G0-g.css: Generated files are not backed up
/styles/thumbnail/public/2018-02/FAMSF-Casa-Dress-16-Woman-Mobile-V2.jpg: Generated files are not backed up
/styles/thumbnail/public/2018-05/14_Henry-Wentworth-Monk_0.jpg: Generated files are not backed up
/styles/thumbnail/public/2018-05/37_Love-and-the-Maiden_0.jpg: Generated files are not backed up
/styles/thumbnail/public/2018-04/16_Estes and Domberger_2.jpg: Generated files are not backed up
/styles/thumbnail_600/public/2017-08/1_title-page.jpg_2.jpg: Generated files are not backed up
/styles/thumbnail/public/2017-09/FOOTER_LH_Member.jpg: Generated files are not backed up
/styles/thumbnail/public/2018-04/26_Thiebaud_Lemon-Meringue_0.jpg: Generated files are not backed up
/styles/thumbnail/public/2018-05/FOOTER_LH_Members.jpg: Generated files are not backed up
/js/js_5J2HJl8SDXBcYkvBKHsEYZDsSR8Fd3x9qxseZVzcp08.js.gz: Generated files are not backed up
/css/css_ItJ9aKJvf9hkORLCU5IIIbNanaDuhjD2xB3yMJIItco.css.gz: Generated files are not backed up
/css/css_mXyk_ET1j0oQS97qAccqHtOxn-21f8f9PeabB5s5OTE.css: Generated files are not backed up
/styles/thumbnail/public/2018-01/15b_c_dress_all-4-clothing-graphics-2_mens.jpg: Generated files are not backed up
/styles/thumbnail/public/2018-05/36_Evelyn-De-Morgan_0.jpg: Generated files are not backed up
/styles/thumbnail/public/2018-04/46_PLACEHOLDER_Rauschenberg_ Breakthrough II_0.jpg: Generated files are not backed up
/styles/thumbnail/public/2018-01/20_Francesco-Casanova_Collapse-of-the-Bridge-detail.jpg: Generated files are not backed up
/styles/thumbnail/public/2018-05/32_Motherwell_The-Aberdeen-Stone.jpg: Generated files are not backed up
/styles/thumbnail/public/2018-05/FOOTER_Tours.jpg: Generated files are not backed up
/styles/thumbnail/public/2018-04/Dater hr (1).png: Generated files are not backed up
/styles/thumbnail/public/2018-05/19_Thiebaud_Lunch.jpg: Generated files are not backed up
/styles/thumbnail/public/2018-04/17_Indiana_One.jpg: Generated files are not backed up
/styles/thumbnail/public/2018-05/20_Copy-after-the-Birth-of-Venus_2.jpg: Generated files are not backed up
/css/css_Va4zLdYXDM0x79wYfYIi_RSorpNS_xtrTcNUqq0psQA.css: Generated files are not backed up
/styles/thumbnail/public/2018-05/7_Art-and-Poetry.jpg: Generated files are not backed up
/css/css_SJtxG8rf4bcvObk9x_BHzNKszSeA9vbwSKf_NNOlLxo.css.gz: Generated files are not backed up
/styles/thumbnail/public/2018-04/31_Motherwell_The-Celtic-Stone.jpg: Generated files are not backed up
/css/css_O5cZjfosKMa1_8rrZhPew5FTYWz3UBpIWMA7VXTNQfI.css: Generated files are not backed up
/styles/thumbnail/public/2018-02/7_Henri_Ice-Floe_0.jpg: Generated files are not backed up
/styles/thumbnail/public/2018-04/48_Robert-Rauschenberg_0.jpg: Generated files are not backed up
/styles/thumbnail/public/2018-01/15b_c_dress_all-4-clothing-graphics-3.jpg: Generated files are not backed up
/styles/thumbnail/public/2017-09/FOOTER_DY_General.jpg: Generated files are not backed up
/styles/thumbnail/public/2018-04/7_PLACEHOLDER_Oldenburg_Profile Airflow_0.jpg: Generated files are not backed up
/styles/thumbnail/public/2018-05/30_Hardinge-Hay_0.jpg: Generated files are not backed up
/css/css_Inw3zoeejd9Yxm9tMlDLwgsDW2a5-F0qPCaEnWRjwPM.css: Generated files are not backed up
/styles/thumbnail/public/2018-04/33_Motherwell_The-Black-Douglas-Stone_0.jpg: Generated files are not backed up
/styles/thumbnail/public/2018-05/4_The-Hireling-Shepherd.jpg: Generated files are not backed up
/styles/thumbnail/public/2018-05/19_Copy-after-La-Primavera_2.jpg: Generated files are not backed up
/styles/thumbnail/public/2018-01/12_liotard_frankish_1.jpg: Generated files are not backed up
/styles/thumbnail/public/2018-02/23_Amazon.jpg: Generated files are not backed up
/styles/thumbnail/public/2018-04/4_Nevelson_Untitled_2.jpg: Generated files are not backed up
/styles/timeline_600_/public/2018-02/9_Armory-Show.jpg: Generated files are not backed up
/styles/thumbnail/public/2018-04/12_Tatyana-Grosman-at-ULAE_2.jpg: Generated files are not backed up
/css/css_gM3m_mZEXXS4lm_M60AhQQwWlPrW-gc3oaG_73ALpdU.css: Generated files are not backed up
/styles/thumbnail/public/2017-12/14_Boucher_Juno_Crop.jpg: Generated files are not backed up
/styles/thumbnail/public/2018-04/47_-Rauschenberg_Booster_2.jpg: Generated files are not backed up
/css/css_tQQiDInBLNgcqA-BrnLwCC4-V38gYrTJgFdw-JPBxEs.css.gz: Generated files are not backed up
/styles/thumbnail/public/2018-02/3_Sheeler_Suspended-Power_0.jpg: Generated files are not backed up
/styles/thumbnail/public/2018-04/18_Kathan-Brown-Reviewing-Delights_1.jpg: Generated files are not backed up
/styles/thumbnail/public/2018-04/47_-Rauschenberg_Booster.jpg: Generated files are not backed up
/styles/thumbnail/public/2017-09/FOOTER_Visit_2.jpg: Generated files are not backed up
/styles/thumbnail/public/2018-02/9_Armory-Show.jpg: Generated files are not backed up
/styles/thumbnail/public/2018-05/27_Thiebaud-in-Basement.jpg: Generated files are not backed up
/styles/thumbnail/public/2018-05/44_-Adder’s-Tongue_0.jpg: Generated files are not backed up
/styles/thumbnail/public/2018-05/06_01_1.jpg: Generated files are not backed up
/styles/thumbnail/public/2018-04/28_Celmins_Untitled_3.jpg: Generated files are not backed up
/styles/thumbnail/public/2018-02/16_Sheeler_Roling-Power_repeat.jpg: Generated files are not backed up
/styles/thumbnail/public/2018-05/01_09_0.jpg: Generated files are not backed up
/styles/thumbnail/public/2018-05/06_06_1.jpg: Generated files are not backed up
/js/js_U5lJPghjH6OG-2H-jLxduoxqbJAh9EVs1zJecDq55C8.js.gz: Generated files are not backed up
/styles/thumbnail/public/2018-05/5_The-Germ_1.jpg: Generated files are not backed up
/styles/thumbnail/public/2018-01/Canaletto_hero.jpg: Generated files are not backed up
/styles/thumbnail/public/2018-05/37_Love-and-the-Maiden2.jpg: Generated files are not backed up
/css/css_oLoewJLPFbWKGXqNDrYRklQWJf2be7iNS1Jd8NBvq-U.css: Generated files are not backed up
/styles/thumbnail/public/2018-01/15b_c_dress_all-4-clothing-graphics-2_mens_0.jpg: Generated files are not backed up
/styles/thumbnail/public/2018-05/Footer_Klimt_DS.jpg: Generated files are not backed up
/styles/thumbnail/public/2018-04/30_Celmins_December_0.jpg: Generated files are not backed up
/styles/thumbnail/public/2018-05/44_Lichtenstein_Cathedral #6_SLIDER.jpg: Generated files are not backed up
/styles/thumbnail/public/2018-04/8_Oldenburg-with-car_2.jpg: Generated files are not backed up
/styles/thumbnail/public/2017-05/42_Degas_The-Milliners_Plate-88_0.jpg: Generated files are not backed up
/styles/thumbnail/public/2018-04/11_Tatyana Grossman et al..jpg: Generated files are not backed up
/styles/thumbnail/public/2018-05/5_The-Germ_0.jpg: Generated files are not backed up
/styles/thumbnail/public/2018-04/27_Thiebaud-in-Basement_0.jpg: Generated files are not backed up
/styles/thumbnail/public/2018-04/9b_Oldenburg_Icebag_0.jpg: Generated files are not backed up
/styles/thumbnail/public/2018-04/10_PLACEHOLDER_Serra_Du Common.jpg: Generated files are not backed up
/styles/thumbnail/public/2018-05/37_Love-and-the-Maiden_det2.jpg: Generated files are not backed up
/styles/thumbnail/public/2018-05/FOOTER_DY_General.jpg: Generated files are not backed up
/styles/thumbnail/public/2018-04/19_Thiebaud_Lunch_2.jpg: Generated files are not backed up
/js/js_jrMUCnFdHKIzDKDfd3kVVU2WTi0PKUxpZYeHxKmchnw.js.gz: Generated files are not backed up
/styles/thumbnail/public/2017-09/3_Knips_detail.jpg: Generated files are not backed up
/styles/thumbnail/public/2018-02/25_Murphy_Watch_0.jpg: Generated files are not backed up
/css/css_AqANyAfJTqq9fK0_K6rsi63-fR6chTi9_J5SLcKCHkg.css.gz: Generated files are not backed up
/styles/thumbnail/public/2018-04/18_Kathan-Brown-Reviewing-Delights_0.jpg: Generated files are not backed up
/styles/thumbnail/public/2018-05/17_Arnolfini-Portrait_wedf.jpg: Generated files are not backed up
/styles/thumbnail/public/2018-04/39_Lichtenstein_Cathedral-#1.jpg: Generated files are not backed up
/styles/thumbnail/public/2018-04/9_Stack-of-Molded-Polyurethane.jpg: Generated files are not backed up
/styles/thumbnail/public/2018-01/15_bouche_graphic.jpg: Generated files are not backed up
/styles/thumbnail/public/2018-02/42_Chaplin_Modern-Times.jpg: Generated files are not backed up
/css/css_1Jnd5BabTDi-e0MNJzjzgcpztA3raQIWTiHXBBIoV48.css: Generated files are not backed up
/styles/thumbnail/public/2018-02/15_Wire-Stitching-Full_2.jpg: Generated files are not backed up
/styles/thumbnail/public/2018-01/FOOTER_LH_Member_0.jpg: Generated files are not backed up
/styles/thumbnail/public/2018-04/37_Diebenkorn_#4.png: Generated files are not backed up
/styles/thumbnail/public/2018-05/26_Mariana_1.jpg: Generated files are not backed up
/css/css_jpGDrxllphV1yOW0EyrczFLgYB-RcQcRkUhN5gu3UDQ.css: Generated files are not backed up
/styles/thumbnail/public/2017-08/FOOTER_DY_Member_1.jpg: Generated files are not backed up
/styles/thumbnail/public/2018-04/29_Celmins_Ocean-Surfaces_0.jpg: Generated files are not backed up
/styles/thumbnail/public/2018-05/25_The-Annunciation_0.jpg: Generated files are not backed up
/styles/thumbnail/public/2018-05/42_Lichtenstein_Cathedral-#4.jpg: Generated files are not backed up
/styles/thumbnail/public/2018-05/39_Saint-Peter_0.jpg: Generated files are not backed up
/styles/thumbnail/public/2018-04/4_Nevelson_Untitled_1.jpg: Generated files are not backed up
/styles/thumbnail/public/2018-01/15_bouche_graphic_0.jpg: Generated files are not backed up
/styles/thumbnail/public/2018-05/35_Georgiana.jpg: Generated files are not backed up
/styles/thumbnail/public/2018-04/8_Oldenburg with car.jpg: Generated files are not backed up
/styles/thumbnail/public/2018-02/FOOOTER_Member.jpg: Generated files are not backed up
/styles/thumbnail/public/2017-07/Hat_as_Object_Thumbnail.jpg: Generated files are not backed up
/styles/thumbnail/public/2018-02/33_O’Keeffe_City-Night.jpg: Generated files are not backed up
/js/js_49FFTd71ibdoUqGak8Zym80NCQwRuI8tWFp8E5sKucs.js: Generated files are not backed up
/styles/thumbnail/public/2018-04/7_PLACEHOLDER_Oldenburg_Profile Airflow.jpg: Generated files are not backed up
/styles/thumbnail/public/2018-05/24_Beata-Beatrix_0.jpg: Generated files are not backed up
/styles/thumbnail/public/2018-05/19_Copy-after-La-Primavera_3.jpg: Generated files are not backed up
/styles/thumbnail/public/2018-04/20_Thiebaud_Lunch_0.jpg: Generated files are not backed up
/styles/thumbnail/public/2018-01/24_facebook_desktop_0.jpg: Generated files are not backed up
/styles/thumbnail/public/2017-09/FOOTER_LH_Tours.jpg: Generated files are not backed up
/styles/thumbnail/public/2018-05/18_Portrait-of-a-Lady.jpg: Generated files are not backed up
/styles/thumbnail/public/2018-04/42_Lichtenstein_Cathedral #4.jpg: Generated files are not backed up
/js/js_pvfMxwki9jPCQpZApWd5wztte9IubY-RvcW7LmXj0RM.js: Generated files are not backed up
/styles/thumbnail/public/2018-04/13_June-Wayne_3.jpg: Generated files are not backed up
/styles/thumbnail/public/2017-12/15b_c_dress_all-4-clothing-graphics-1_mens_mobile.jpg: Generated files are not backed up
/styles/thumbnail/public/2018-04/28_Celmins_Untitled.jpg: Generated files are not backed up
/styles/thumbnail/public/2018-05/18_Portrait-of-a-Lady_0.jpg: Generated files are not backed up
/styles/thumbnail/public/2018-05/06_01.jpg: Generated files are not backed up
/styles/thumbnail/public/2018-04/22_Thiebaud_Banana-Splits_0.jpg: Generated files are not backed up
/css/css_xburOwsg-yMQhlcAUqg6I6dMQObaRYheYyYHvQHlULE.css: Generated files are not backed up
/styles/thumbnail/public/2018-05/25_The-Annunciation_1.jpg: Generated files are not backed up
/styles/thumbnail/public/2018-02/44_store-image.jpg: Generated files are not backed up
/styles/thumbnail/public/2018-01/15b_c_dress_all-4-clothing-graphics-4_mobile.jpg: Generated files are not backed up
/styles/thumbnail/public/2018-04/41_Lichtenstein_Cathedral-#3.jpg: Generated files are not backed up
/styles/thumbnail/public/2018-05/6_The-Germ-Illustration_1.jpg: Generated files are not backed up
/styles/thumbnail/public/2017-11/18_age-of.jpg: Generated files are not backed up
/styles/thumbnail/public/2018-02/27_Albers_Machine-2-(1)_0.png: Generated files are not backed up
/styles/thumbnail/public/2018-02/32_Graubner_Bourke-White-Atop-Photo.jpg: Generated files are not backed up
/styles/thumbnail/public/2018-04/28_Celmins_Untitled_2.jpg: Generated files are not backed up
/styles/thumbnail/public/2017-08/1_infographic_pyramid size.png: Generated files are not backed up
/styles/thumbnail/public/2018-05/16_The-Annunciation_1.jpg: Generated files are not backed up
/styles/thumbnail/public/2018-02/45_more-about-the-exhibitions_footer_0.jpg: Generated files are not backed up
/styles/thumbnail/public/2018-05/FOOTER_LH_Visit_2.jpg: Generated files are not backed up
/styles/thumbnail/public/2018-02/FOOTER_Teo_Digital-Story.jpg: Generated files are not backed up
/styles/thumbnail/public/2018-05/02_13_NEW.jpg: Generated files are not backed up
/styles/thumbnail/public/2018-04/48_Robert-Rauschenberg.jpg: Generated files are not backed up
/styles/thumbnail/public/2017-09/7_Jade_Cutout_V4.png: Generated files are not backed up
/styles/thumbnail/public/2018-04/MENU_gen_store.jpg: Generated files are not backed up
/styles/thumbnail/public/2018-02/38_Sheeler_Kitchen.jpg: Generated files are not backed up
/styles/thumbnail/public/2018-01/Footer_Klimt_DS.jpg: Generated files are not backed up
/styles/thumbnail/public/2018-05/2_Queen-Victoria_1.jpg: Generated files are not backed up
/styles/thumbnail/public/2018-01/24_facebook_mobile.jpg: Generated files are not backed up
/styles/thumbnail/public/2018-02/35_Sheeler_Strand_Manhatta_still.jpg: Generated files are not backed up
/styles/thumbnail/public/2017-12/11_Longhi_Music-lesson.jpg: Generated files are not backed up
/styles/thumbnail/public/2018-04/38_Diebenkorn_#5.jpg: Generated files are not backed up
/styles/thumbnail/public/2017-09/FOOTER_LH_DS_Degas.jpg: Generated files are not backed up
/css/css_jjRpl_SRc4FLvpKnVpTtL7SUl9bzlqzVmkKg0GjVnKk.css: Generated files are not backed up
/styles/thumbnail/public/2018-01/FOOTER_LH_Visit_3.jpg: Generated files are not backed up
/styles/thumbnail/public/2018-05/45_-Witches’-Tree.jpg: Generated files are not backed up
/css/css_zmunwpRw_s5V-m84HJWhSVeQqRxQZ8Mce998mFtR4fg.css: Generated files are not backed up
/styles/thumbnail/public/2018-05/6_The-Germ-Illustration.jpg: Generated files are not backed up
/styles/thumbnail/public/2018-05/46_-White-Garden.jpg: Generated files are not backed up
/styles/thumbnail/public/2018-05/process-title-edited.jpg: Generated files are not backed up
/styles/thumbnail/public/2017-09/FOOTER_LH_Visit_Cafe.jpg: Generated files are not backed up
/styles/thumbnail/public/2018-04/46_PLACEHOLDER_Rauschenberg_-Breakthrough-II.jpg: Generated files are not backed up
/styles/thumbnail/public/2018-04/FOOTER_gen_store.jpg: Generated files are not backed up
/styles/thumbnail/public/2018-04/19_Thiebaud_Lunch.jpg: Generated files are not backed up
/styles/thumbnail/public/2018-02/22_Demuth_Incense-of-a-New-Church.jpg: Generated files are not backed up
/styles/thumbnail/public/2018-02/44_store-image_footer.jpg: Generated files are not backed up

If you need immediate access to the files listed here, or have questions about
the state of your files, you can contact support via your Dashboard.

